<?xml version="1.0" encoding="UTF-8"?>
<testng-results ignored="0" total="1" passed="1" failed="0" skipped="0">
  <reporter-output>
  </reporter-output>
  <suite started-at="2025-11-14T10:48:43 CST" name="Default suite" finished-at="2025-11-14T10:48:49 CST" duration-ms="5640">
    <groups>
      <group name="cucumber">
        <method signature="AbstractTestNGCucumberTests.runScenario(io.cucumber.testng.PickleWrapper,io.cucumber.testng.FeatureWrapper)[pri:0, instance:seleniumE2EProject.tests.RunCucumberTest@5e5d171f]" name="runScenario" class="io.cucumber.testng.AbstractTestNGCucumberTests"/>
      </group> <!-- cucumber -->
    </groups>
    <test started-at="2025-11-14T10:48:43 CST" name="Default test" finished-at="2025-11-14T10:48:49 CST" duration-ms="5640">
      <class name="seleniumE2EProject.tests.RunCucumberTest">
        <test-method is-config="true" signature="setUpClass(org.testng.ITestContext)[pri:0, instance:seleniumE2EProject.tests.RunCucumberTest@5e5d171f]" started-at="2025-11-14T10:48:43 CST" name="setUpClass" finished-at="2025-11-14T10:48:44 CST" duration-ms="330" status="PASS">
          <params>
            <param index="0">
              <value>
                <![CDATA[org.testng.TestRunner@6cd15072]]>
              </value>
            </param>
          </params>
          <reporter-output>
          </reporter-output>
        </test-method> <!-- setUpClass -->
        <test-method signature="runScenario(io.cucumber.testng.PickleWrapper,io.cucumber.testng.FeatureWrapper)[pri:0, instance:seleniumE2EProject.tests.RunCucumberTest@5e5d171f]" started-at="2025-11-14T10:48:44 CST" name="runScenario" description="Runs Cucumber Scenarios" data-provider="scenarios" finished-at="2025-11-14T10:48:49 CST" duration-ms="5185" status="PASS">
          <params>
            <param index="0">
              <value>
                <![CDATA["Complete an end-to-end checkout"]]>
              </value>
            </param>
            <param index="1">
              <value>
                <![CDATA["SauceDemo Checkout Flow"]]>
              </value>
            </param>
          </params>
          <reporter-output>
          </reporter-output>
        </test-method> <!-- runScenario -->
        <test-method is-config="true" signature="tearDownClass()[pri:0, instance:seleniumE2EProject.tests.RunCucumberTest@5e5d171f]" started-at="2025-11-14T10:48:49 CST" name="tearDownClass" finished-at="2025-11-14T10:48:49 CST" duration-ms="91" status="PASS">
          <reporter-output>
          </reporter-output>
        </test-method> <!-- tearDownClass -->
      </class> <!-- seleniumE2EProject.tests.RunCucumberTest -->
    </test> <!-- Default test -->
  </suite> <!-- Default suite -->
</testng-results>
